2024-08-24 00:47:26 [scrapy.utils.log] INFO: Scrapy 2.11.1 started (bot: crawl_gmarket)
2024-08-24 00:47:26 [scrapy.utils.log] INFO: Versions: lxml 5.2.1.0, libxml2 2.12.6, cssselect 1.2.0, parsel 1.9.1, w3lib 2.1.2, Twisted 24.3.0, Python 3.11.7 (main, Dec  9 2023, 16:56:39) [Clang 15.0.0 (clang-1500.0.40.1)], pyOpenSSL 24.1.0 (OpenSSL 3.2.1 30 Jan 2024), cryptography 42.0.7, Platform macOS-14.5-arm64-arm-64bit
2024-08-24 00:47:27 [scrapy.addons] INFO: Enabled addons:
[]
2024-08-24 00:47:27 [py.warnings] WARNING: /Users/gu/.pyenv/versions/dsenv/lib/python3.11/site-packages/scrapy/utils/request.py:254: ScrapyDeprecationWarning: '2.6' is a deprecated value for the 'REQUEST_FINGERPRINTER_IMPLEMENTATION' setting.

It is also the default value. In other words, it is normal to get this warning if you have not defined a value for the 'REQUEST_FINGERPRINTER_IMPLEMENTATION' setting. This is so for backward compatibility reasons, but it will change in a future version of Scrapy.

See the documentation of the 'REQUEST_FINGERPRINTER_IMPLEMENTATION' setting for information on how to handle this deprecation.
  return cls(crawler)

2024-08-24 00:47:28 [scrapy.extensions.telnet] INFO: Telnet Password: 9119ab2f94620396
2024-08-24 00:47:28 [scrapy.middleware] INFO: Enabled extensions:
['scrapy.extensions.corestats.CoreStats',
 'scrapy.extensions.telnet.TelnetConsole',
 'scrapy.extensions.memusage.MemoryUsage',
 'scrapy.extensions.logstats.LogStats']
2024-08-24 00:47:28 [scrapy.crawler] INFO: Overridden settings:
{'BOT_NAME': 'crawl_gmarket',
 'DOWNLOAD_DELAY': 0.21,
 'LOG_FILE': 'gmarket_2408240047.log',
 'LOG_LEVEL': 'INFO',
 'LOG_STDOUT': True,
 'NEWSPIDER_MODULE': 'crawl_gmarket.spiders',
 'ROBOTSTXT_OBEY': True,
 'SPIDER_MODULES': ['crawl_gmarket.spiders'],
 'USER_AGENT': 'Mozilla/5.0 (Macintosh; Intel Mac OS X 10_15_7) '
               'AppleWebKit/537.36 (KHTML, like Gecko) Chrome/125.0.0.0 '
               'Safari/537.36'}
2024-08-24 00:47:28 [scrapy.middleware] INFO: Enabled downloader middlewares:
['scrapy.downloadermiddlewares.robotstxt.RobotsTxtMiddleware',
 'scrapy.downloadermiddlewares.httpauth.HttpAuthMiddleware',
 'scrapy.downloadermiddlewares.downloadtimeout.DownloadTimeoutMiddleware',
 'scrapy.downloadermiddlewares.defaultheaders.DefaultHeadersMiddleware',
 'scrapy.downloadermiddlewares.useragent.UserAgentMiddleware',
 'scrapy.downloadermiddlewares.retry.RetryMiddleware',
 'scrapy.downloadermiddlewares.redirect.MetaRefreshMiddleware',
 'scrapy.downloadermiddlewares.httpcompression.HttpCompressionMiddleware',
 'scrapy.downloadermiddlewares.redirect.RedirectMiddleware',
 'scrapy.downloadermiddlewares.cookies.CookiesMiddleware',
 'scrapy.downloadermiddlewares.httpproxy.HttpProxyMiddleware',
 'scrapy.downloadermiddlewares.stats.DownloaderStats']
2024-08-24 00:47:28 [scrapy.middleware] INFO: Enabled spider middlewares:
['scrapy.spidermiddlewares.httperror.HttpErrorMiddleware',
 'scrapy.spidermiddlewares.offsite.OffsiteMiddleware',
 'scrapy.spidermiddlewares.referer.RefererMiddleware',
 'scrapy.spidermiddlewares.urllength.UrlLengthMiddleware',
 'scrapy.spidermiddlewares.depth.DepthMiddleware']
2024-08-24 00:47:28 [scrapy.middleware] INFO: Enabled item pipelines:
['crawl_gmarket.pipelines.MongoDBPipeline']
2024-08-24 00:47:28 [scrapy.core.engine] INFO: Spider opened
2024-08-24 00:47:28 [scrapy.extensions.logstats] INFO: Crawled 0 pages (at 0 pages/min), scraped 0 items (at 0 items/min)
2024-08-24 00:47:28 [scrapy.extensions.telnet] INFO: Telnet console listening on 127.0.0.1:6023
2024-08-24 00:48:04 [scrapy.crawler] INFO: Received SIGINT, shutting down gracefully. Send again to force 
2024-08-24 00:48:04 [scrapy.crawler] INFO: Received SIGINT twice, forcing unclean shutdown
2024-08-24 00:48:04 [scrapy.core.engine] INFO: Closing spider (shutdown)
